<?xml version="1.0" encoding="UTF-8"?>
<!-- Generated by org.testng.reporters.JUnitReportReporter -->
<testsuite hostname="DESKTOP-8HHAUQH" failures="0" tests="1" name="InterviewQuestions.WebTableAccessing" time="4.586" errors="0" timestamp="23 Jul 2019 08:12:15 GMT">
  <testcase classname="InterviewQuestions.WebTableAccessing" name="AcessingWebTable" time="4.586"/>
</testsuite> <!-- InterviewQuestions.WebTableAccessing -->
