<?xml version="1.0" encoding="UTF-8"?>
<!-- Generated by org.testng.reporters.JUnitReportReporter -->
<testsuite hostname="DESKTOP-8HHAUQH" failures="0" tests="1" name="InterviewQuestions.FramesTesting" time="3.513" errors="0" timestamp="22 Jul 2019 15:59:36 GMT">
  <testcase classname="InterviewQuestions.FramesTesting" name="verifyingFrames" time="3.513"/>
</testsuite> <!-- InterviewQuestions.FramesTesting -->
