<?xml version="1.0" encoding="UTF-8"?>
<!-- Generated by org.testng.reporters.JUnitReportReporter -->
<testsuite hostname="DESKTOP-8HHAUQH" failures="0" tests="1" name="InterviewQuestions.ScreenShots" time="1.070" errors="0" timestamp="23 Jul 2019 09:20:28 GMT">
  <testcase classname="InterviewQuestions.ScreenShots" name="TakeScreenShot" time="1.070"/>
</testsuite> <!-- InterviewQuestions.ScreenShots -->
