<?xml version="1.0" encoding="UTF-8"?>
<!-- Generated by org.testng.reporters.JUnitReportReporter -->
<testsuite hostname="DESKTOP-8HHAUQH" failures="0" tests="1" name="InterviewQuestions.HandlingHttpRequests" time="4.563" errors="0" timestamp="23 Jul 2019 09:03:47 GMT">
  <testcase classname="InterviewQuestions.HandlingHttpRequests" name="HttpRequestsHandling" time="4.563"/>
</testsuite> <!-- InterviewQuestions.HandlingHttpRequests -->
