<?xml version="1.0" encoding="UTF-8"?>
<!-- Generated by org.testng.reporters.JUnitReportReporter -->
<testsuite hostname="DESKTOP-8HHAUQH" failures="0" tests="2" name="InterviewQuestions.BingSearch" time="5.231" errors="0" timestamp="20 Jul 2019 16:05:26 GMT">
  <testcase classname="InterviewQuestions.BingSearch" name="VerifyInputSearch" time="4.937"/>
  <testcase classname="InterviewQuestions.BingSearch" name="VerifyTitle" time="0.294"/>
</testsuite> <!-- InterviewQuestions.BingSearch -->
