<?xml version="1.0" encoding="UTF-8"?>
<!-- Generated by org.testng.reporters.JUnitReportReporter -->
<testsuite hostname="DESKTOP-8HHAUQH" failures="0" tests="2" name="InterviewQuestions.WindowsTesting" time="6.498" errors="0" timestamp="23 Jul 2019 11:28:28 GMT">
  <testcase classname="InterviewQuestions.WindowsTesting" name="SwitchToWindows" time="1.903"/>
  <testcase classname="InterviewQuestions.WindowsTesting" name="SwitchToWindowsHandle" time="4.595"/>
</testsuite> <!-- InterviewQuestions.WindowsTesting -->
